c:\users\hatch\source\repos\gat350-raycast\raytracer\raytracer\x64\release\vc143.pdb
c:\users\hatch\source\repos\gat350-raycast\raytracer\raytracer\x64\release\time.obj
c:\users\hatch\source\repos\gat350-raycast\raytracer\raytracer\x64\release\sphere.obj
c:\users\hatch\source\repos\gat350-raycast\raytracer\raytracer\x64\release\scene.obj
c:\users\hatch\source\repos\gat350-raycast\raytracer\raytracer\x64\release\renderer.obj
c:\users\hatch\source\repos\gat350-raycast\raytracer\raytracer\x64\release\material.obj
c:\users\hatch\source\repos\gat350-raycast\raytracer\raytracer\x64\release\main.obj
c:\users\hatch\source\repos\gat350-raycast\raytracer\raytracer\x64\release\framebuffer.obj
c:\users\hatch\source\repos\gat350-raycast\raytracer\raytracer\x64\release\camera.obj
c:\users\hatch\source\repos\gat350-raycast\raytracer\x64\release\raytracer.exe
c:\users\hatch\source\repos\gat350-raycast\raytracer\x64\release\raytracer.pdb
c:\users\hatch\source\repos\gat350-raycast\raytracer\raytracer\x64\release\raytracer.ipdb
c:\users\hatch\source\repos\gat350-raycast\raytracer\raytracer\x64\release\raytracer.iobj
c:\users\hatch\source\repos\gat350-raycast\raytracer\raytracer\x64\release\raytracer.tlog\cl.command.1.tlog
c:\users\hatch\source\repos\gat350-raycast\raytracer\raytracer\x64\release\raytracer.tlog\cl.items.tlog
c:\users\hatch\source\repos\gat350-raycast\raytracer\raytracer\x64\release\raytracer.tlog\cl.read.1.tlog
c:\users\hatch\source\repos\gat350-raycast\raytracer\raytracer\x64\release\raytracer.tlog\cl.write.1.tlog
c:\users\hatch\source\repos\gat350-raycast\raytracer\raytracer\x64\release\raytracer.tlog\link.command.1.tlog
c:\users\hatch\source\repos\gat350-raycast\raytracer\raytracer\x64\release\raytracer.tlog\link.read.1.tlog
c:\users\hatch\source\repos\gat350-raycast\raytracer\raytracer\x64\release\raytracer.tlog\link.secondary.1.tlog
c:\users\hatch\source\repos\gat350-raycast\raytracer\raytracer\x64\release\raytracer.tlog\link.write.1.tlog
